<?xml version="1.0" encoding="UTF-8"?>
<testng-results ignored="0" total="1" passed="1" failed="0" skipped="0">
  <reporter-output>
  </reporter-output>
  <suite started-at="2024-03-03T11:18:23 IST" name="Suite" finished-at="2024-03-03T11:18:32 IST" duration-ms="8204">
    <groups>
    </groups>
    <test started-at="2024-03-03T11:18:23 IST" name="Test" finished-at="2024-03-03T11:18:32 IST" duration-ms="8204">
      <class name="OrangeHRM.Login">
        <test-method signature="testlogin()[pri:0, instance:OrangeHRM.Login@a3d8174]" started-at="2024-03-03T11:18:23 IST" name="testlogin" finished-at="2024-03-03T11:18:32 IST" duration-ms="8176" status="PASS">
          <reporter-output>
          </reporter-output>
        </test-method> <!-- testlogin -->
      </class> <!-- OrangeHRM.Login -->
    </test> <!-- Test -->
  </suite> <!-- Suite -->
</testng-results>
