<?xml version="1.0" encoding="UTF-8"?>
<testng-results ignored="0" total="1" passed="1" failed="0" skipped="0">
  <reporter-output>
  </reporter-output>
  <suite started-at="2024-03-03T03:55:35Z" name="Default suite" finished-at="2024-03-03T03:55:51Z" duration-ms="15551">
    <groups>
    </groups>
    <test started-at="2024-03-03T03:55:35Z" name="Default test" finished-at="2024-03-03T03:55:51Z" duration-ms="15551">
      <class name="OrangeHRM.JobDetails">
        <test-method signature="EditJobDetails()[pri:0, instance:OrangeHRM.JobDetails@1efe439d]" started-at="2024-03-03T09:25:35Z" name="EditJobDetails" finished-at="2024-03-03T09:25:51Z" duration-ms="15527" status="PASS">
          <reporter-output>
          </reporter-output>
        </test-method> <!-- EditJobDetails -->
      </class> <!-- OrangeHRM.JobDetails -->
    </test> <!-- Default test -->
  </suite> <!-- Default suite -->
</testng-results>
