<?xml version="1.0" encoding="UTF-8"?>
<testng-results ignored="0" total="1" passed="1" failed="0" skipped="0">
  <reporter-output>
  </reporter-output>
  <suite started-at="2024-03-03T05:41:43Z" name="Default suite" finished-at="2024-03-03T05:41:50Z" duration-ms="7279">
    <groups>
    </groups>
    <test started-at="2024-03-03T05:41:43Z" name="Default test" finished-at="2024-03-03T05:41:50Z" duration-ms="7279">
      <class name="OrangeHRM.Login">
        <test-method signature="testlogin()[pri:0, instance:OrangeHRM.Login@7d446ed1]" started-at="2024-03-03T11:11:43Z" name="testlogin" finished-at="2024-03-03T11:11:50Z" duration-ms="7265" status="PASS">
          <reporter-output>
          </reporter-output>
        </test-method> <!-- testlogin -->
      </class> <!-- OrangeHRM.Login -->
    </test> <!-- Default test -->
  </suite> <!-- Default suite -->
</testng-results>
